********************************************************************************
product = Open Liberty 21.0.0.1 (wlp-1.0.48.cl210120210113-1459)
wlp.install.dir = C:/Users/Rob/source/repos/guide-getting-started/start/target/liberty/wlp/
java.home = C:\Program Files\Java\jdk1.8.0_60\jre
java.version = 1.8.0_60
java.runtime = Java(TM) SE Runtime Environment (1.8.0_60-b27)
os = Windows 10 (10.0; amd64) (en_US)
process = 4280@Robs-Laptop
********************************************************************************
[2/13/21 12:30:08:921 EST] 00000001 com.ibm.ws.kernel.launch.internal.FrameworkManager           A CWWKE0001I: The server defaultServer has been launched.
[2/13/21 12:30:09:644 EST] 00000017 com.ibm.ws.config.xml.internal.ServerXMLConfiguration        A CWWKG0093A: Processing configuration drop-ins resource: C:\Users\Rob\source\repos\guide-getting-started\start\target\liberty\wlp\usr\servers\defaultServer\configDropins\overrides\liberty-plugin-variable-config.xml
[2/13/21 12:30:09:797 EST] 00000001 com.ibm.ws.kernel.launch.internal.FrameworkManager           I CWWKE0002I: The kernel started after 5.606 seconds
[2/13/21 12:30:09:834 EST] 00000022 com.ibm.ws.kernel.feature.internal.FeatureManager            I CWWKF0007I: Feature update started.
[2/13/21 12:30:10:059 EST] 00000018 .apache.cxf.cxf.core.3.2:1.0.48.cl210120210113-1459(id=177)] I Aries Blueprint packages not available. So namespaces will not be registered
[2/13/21 12:30:10:095 EST] 00000016 com.ibm.ws.security.ready.internal.SecurityReadyServiceImpl  I CWWKS0007I: The security service is starting...
[2/13/21 12:30:10:415 EST] 0000001a com.ibm.ws.app.manager.internal.monitor.DropinMonitor        A CWWKZ0058I: Monitoring dropins for applications.
[2/13/21 12:30:10:466 EST] 00000019 com.ibm.ws.cache.ServerCache                                 I DYNA1001I: WebSphere Dynamic Cache instance named baseCache initialized successfully.
[2/13/21 12:30:10:469 EST] 00000019 com.ibm.ws.cache.ServerCache                                 I DYNA1071I: The cache provider default is being used.
[2/13/21 12:30:10:470 EST] 00000019 com.ibm.ws.cache.CacheServiceImpl                            I DYNA1056I: Dynamic Cache (object cache) initialized successfully.
[2/13/21 12:30:11:237 EST] 00000016 ibm.ws.security.authentication.internal.jaas.JAASServiceImpl I CWWKS1123I: The collective authentication plugin with class name NullCollectiveAuthenticationPlugin has been activated. 
[2/13/21 12:30:11:569 EST] 0000002e com.ibm.ws.security.token.ltpa.internal.LTPAKeyCreateTask    I CWWKS4105I: LTPA configuration is ready after 0.365 seconds.
[2/13/21 12:30:11:690 EST] 0000001e com.ibm.ws.ssl.config.WSKeyStore                             A CWPKI0820A: The default keystore has been created using the 'keystore_password' environment variable.
[2/13/21 12:30:11:721 EST] 0000001e com.ibm.ws.ssl.config.WSKeyStore                             I Successfully loaded default keystore: C:/Users/Rob/source/repos/guide-getting-started/start/target/liberty/wlp/usr/servers/defaultServer/resources/security/key.p12 of type: PKCS12
[2/13/21 12:30:11:849 EST] 00000016 com.ibm.ws.session.WASSessionCore                            I SESN8501I: The session manager did not find a persistent storage location; HttpSession objects will be stored in the local application server's memory.
[2/13/21 12:30:11:920 EST] 00000016 om.ibm.ws.microprofile.metrics.monitor.MonitorMetricsHandler I CWPMI2003I: Monitoring metrics can be retrieved through mpMetrics.
[2/13/21 12:30:16:748 EST] 00000030 com.ibm.ws.app.manager.AppMessageHelper                      I CWWKZ0018I: Starting application guide-getting-started.
[2/13/21 12:30:16:749 EST] 00000030 bm.ws.app.manager.war.internal.WARDeployedAppInfoFactoryImpl I CWWKZ0134I: The guide-getting-started application is using the loose application definition at the C:\Users\Rob\source\repos\guide-getting-started\start\target\liberty\wlp\usr\servers\defaultServer\apps\guide-getting-started.war.xml location.
[2/13/21 12:30:16:967 EST] 0000002f com.ibm.ws.webcontainer.osgi.webapp.WebGroup                 I SRVE0169I: Loading Web Module: PublicMicroProfileMetrics.
[2/13/21 12:30:16:968 EST] 00000031 com.ibm.ws.webcontainer.osgi.webapp.WebGroup                 I SRVE0169I: Loading Web Module: ibm/api.
[2/13/21 12:30:16:970 EST] 0000002f com.ibm.ws.webcontainer                                      I SRVE0250I: Web Module PublicMicroProfileMetrics has been bound to default_host.
[2/13/21 12:30:16:970 EST] 00000031 com.ibm.ws.webcontainer                                      I SRVE0250I: Web Module ibm/api has been bound to default_host.
[2/13/21 12:30:16:972 EST] 0000002f com.ibm.ws.http.internal.VirtualHostImpl                     A CWWKT0016I: Web application available (default_host): http://129.3.136.33:9080/metrics/
[2/13/21 12:30:16:974 EST] 00000031 com.ibm.ws.http.internal.VirtualHostImpl                     A CWWKT0016I: Web application available (default_host): http://129.3.136.33:9080/ibm/api/
[2/13/21 12:30:17:039 EST] 00000035 com.ibm.ws.session.WASSessionCore                            I SESN0176I: A new session context will be created for application key default_host/ibm/api
[2/13/21 12:30:17:039 EST] 00000038 com.ibm.ws.session.WASSessionCore                            I SESN0176I: A new session context will be created for application key default_host/metrics
[2/13/21 12:30:17:044 EST] 00000030 org.jboss.weld.Version                                       I WELD-000900: 3.1.4 (Final)
[2/13/21 12:30:17:081 EST] 00000035 com.ibm.ws.util                                              I SESN0172I: The session manager is using the Java default SecureRandom implementation for session ID generation.
[2/13/21 12:30:17:090 EST] 00000038 com.ibm.ws.util                                              I SESN0172I: The session manager is using the Java default SecureRandom implementation for session ID generation.
[2/13/21 12:30:17:192 EST] 00000038 com.ibm.ws.cache.CacheServiceImpl                            I DYNA1056I: Dynamic Cache (object cache) initialized successfully.
[2/13/21 12:30:17:262 EST] 00000038 com.ibm.ws.webcontainer.servlet                              I SRVE0242I: [com.ibm.ws.microprofile.metrics.public] [/metrics] [PublicMetricsRESTProxyServlet]: Initialization successful.
[2/13/21 12:30:17:807 EST] 0000002f com.ibm.ws.webcontainer.osgi.mbeans.PluginGenerator          I SRVE9103I: A configuration file for a web server plugin was automatically generated for this server at C:\Users\Rob\source\repos\guide-getting-started\start\target\liberty\wlp\usr\servers\defaultServer\logs\state\plugin-cfg.xml.
[2/13/21 12:30:18:236 EST] 00000030 com.ibm.ws.webcontainer.osgi.webapp.WebGroup                 I SRVE0169I: Loading Web Module: Liberty Project.
[2/13/21 12:30:18:237 EST] 00000030 com.ibm.ws.webcontainer                                      I SRVE0250I: Web Module Liberty Project has been bound to default_host.
[2/13/21 12:30:18:237 EST] 00000030 com.ibm.ws.http.internal.VirtualHostImpl                     A CWWKT0016I: Web application available (default_host): http://129.3.136.33:9080/
[2/13/21 12:30:18:241 EST] 00000032 com.ibm.ws.session.WASSessionCore                            I SESN0176I: A new session context will be created for application key default_host/
[2/13/21 12:30:18:242 EST] 00000032 com.ibm.ws.util                                              I SESN0172I: The session manager is using the Java default SecureRandom implementation for session ID generation.
[2/13/21 12:30:18:266 EST] 00000032 com.ibm.ws.app.manager.AppMessageHelper                      A CWWKZ0001I: Application guide-getting-started started in 1.518 seconds.
[2/13/21 12:30:18:290 EST] 00000022 com.ibm.ws.tcpchannel.internal.TCPPort                       I CWWKO0219I: TCP Channel defaultHttpEndpoint has been started and is now listening for requests on host *  (IPv6) port 9080.
[2/13/21 12:30:18:293 EST] 00000022 com.ibm.ws.tcpchannel.internal.TCPPort                       I CWWKO0219I: TCP Channel defaultHttpEndpoint-ssl has been started and is now listening for requests on host *  (IPv6) port 9443.
[2/13/21 12:30:18:303 EST] 00000022 com.ibm.ws.kernel.feature.internal.FeatureManager            A CWWKF0012I: The server installed the following features: [cdi-2.0, distributedMap-1.0, jaxrs-2.1, jaxrsClient-2.1, jndi-1.0, json-1.0, jsonp-1.1, monitor-1.0, mpConfig-1.4, mpMetrics-2.3, servlet-4.0, ssl-1.0].
[2/13/21 12:30:18:304 EST] 00000022 com.ibm.ws.kernel.feature.internal.FeatureManager            I CWWKF0008I: Feature update completed in 8.506 seconds.
[2/13/21 12:30:18:304 EST] 00000022 com.ibm.ws.kernel.feature.internal.FeatureManager            A CWWKF0011I: The defaultServer server is ready to run a smarter planet. The defaultServer server started in 14.114 seconds.
[2/13/21 12:30:18:608 EST] 00000031 com.ibm.ws.webcontainer.osgi.mbeans.PluginGenerator          I SRVE9103I: A configuration file for a web server plugin was automatically generated for this server at C:\Users\Rob\source\repos\guide-getting-started\start\target\liberty\wlp\usr\servers\defaultServer\logs\state\plugin-cfg.xml.
[2/13/21 12:30:20:871 EST] 00000031 com.ibm.ws.http.internal.VirtualHostImpl                     A CWWKT0017I: Web application removed (default_host): http://129.3.136.33:9080/
[2/13/21 12:30:20:892 EST] 00000031 com.ibm.ws.app.manager.AppMessageHelper                      A CWWKZ0009I: The application guide-getting-started has stopped successfully.
[2/13/21 12:30:20:901 EST] 00000031 com.ibm.ws.app.manager.AppMessageHelper                      I CWWKZ0018I: Starting application guide-getting-started.
[2/13/21 12:30:20:901 EST] 00000031 bm.ws.app.manager.war.internal.WARDeployedAppInfoFactoryImpl I CWWKZ0134I: The guide-getting-started application is using the loose application definition at the C:\Users\Rob\source\repos\guide-getting-started\start\target\liberty\wlp\usr\servers\defaultServer\apps\guide-getting-started.war.xml location.
[2/13/21 12:30:21:141 EST] 00000031 com.ibm.ws.webcontainer.osgi.webapp.WebGroup                 I SRVE0169I: Loading Web Module: Liberty Project.
[2/13/21 12:30:21:142 EST] 00000031 com.ibm.ws.webcontainer                                      I SRVE0250I: Web Module Liberty Project has been bound to default_host.
[2/13/21 12:30:21:142 EST] 00000031 com.ibm.ws.http.internal.VirtualHostImpl                     A CWWKT0016I: Web application available (default_host): http://129.3.136.33:9080/
[2/13/21 12:30:21:144 EST] 0000002f com.ibm.ws.session.WASSessionCore                            I SESN0176I: A new session context will be created for application key default_host/
[2/13/21 12:30:21:144 EST] 0000002f com.ibm.ws.util                                              I SESN0172I: The session manager is using the Java default SecureRandom implementation for session ID generation.
[2/13/21 12:30:21:147 EST] 0000002f com.ibm.ws.app.manager.AppMessageHelper                      A CWWKZ0003I: The application guide-getting-started updated in 0.246 seconds.
[2/13/21 12:30:32:022 EST] 00000026 .apache.cxf.cxf.core.3.2:1.0.48.cl210120210113-1459(id=177)] I Setting the server's publish address to be /system/
[2/13/21 12:30:32:110 EST] 00000026 com.ibm.ws.webcontainer.servlet                              I SRVE0242I: [guide-getting-started] [/] [io.openliberty.sample.system.SystemApplication]: Initialization successful.
[2/13/21 12:31:04:874 EST] 0000002c com.ibm.ws.webcontainer.extension                            W SRVE0190E: File not found: /health
[2/13/21 12:31:11:529 EST] 00000030 com.ibm.ws.webcontainer.extension                            W SRVE0190E: File not found: /health/
[2/13/21 12:33:06:172 EST] 00000039 com.ibm.ws.config.xml.internal.ConfigRefresher               A CWWKG0016I: Starting server configuration update.
[2/13/21 12:33:06:177 EST] 00000039 com.ibm.ws.config.xml.internal.ServerXMLConfiguration        A CWWKG0093A: Processing configuration drop-ins resource: C:\Users\Rob\source\repos\guide-getting-started\start\target\liberty\wlp\usr\servers\defaultServer\configDropins\overrides\liberty-plugin-variable-config.xml
[2/13/21 12:33:06:237 EST] 0000002c com.ibm.ws.kernel.feature.internal.FeatureManager            I CWWKF0007I: Feature update started.
[2/13/21 12:33:06:362 EST] 00000023 com.ibm.ws.http.internal.VirtualHostImpl                     A CWWKT0017I: Web application removed (default_host): http://129.3.136.33:9080/
[2/13/21 12:33:06:366 EST] 00000023 com.ibm.ws.webcontainer.servlet                              I SRVE0253I: [guide-getting-started] [/] [io.openliberty.sample.system.SystemApplication]: Destroy successful.
[2/13/21 12:33:06:379 EST] 00000023 com.ibm.ws.app.manager.AppMessageHelper                      A CWWKZ0009I: The application guide-getting-started has stopped successfully.
[2/13/21 12:33:06:604 EST] 00000034 com.ibm.ws.config.xml.internal.ConfigRefresher               A CWWKG0017I: The server configuration was successfully updated in 0.433 seconds.
[2/13/21 12:33:06:614 EST] 00000032 com.ibm.ws.app.manager.AppMessageHelper                      I CWWKZ0018I: Starting application guide-getting-started.
[2/13/21 12:33:06:615 EST] 00000032 bm.ws.app.manager.war.internal.WARDeployedAppInfoFactoryImpl I CWWKZ0134I: The guide-getting-started application is using the loose application definition at the C:\Users\Rob\source\repos\guide-getting-started\start\target\liberty\wlp\usr\servers\defaultServer\apps\guide-getting-started.war.xml location.
[2/13/21 12:33:06:650 EST] 0000002e com.ibm.ws.webcontainer.osgi.mbeans.PluginGenerator          I SRVE9103I: A configuration file for a web server plugin was automatically generated for this server at C:\Users\Rob\source\repos\guide-getting-started\start\target\liberty\wlp\usr\servers\defaultServer\logs\state\plugin-cfg.xml.
[2/13/21 12:33:06:685 EST] 00000038 com.ibm.ws.webcontainer.osgi.webapp.WebGroup                 I SRVE0169I: Loading Web Module: health.
[2/13/21 12:33:06:686 EST] 00000038 com.ibm.ws.webcontainer                                      I SRVE0250I: Web Module health has been bound to default_host.
[2/13/21 12:33:06:686 EST] 00000038 com.ibm.ws.http.internal.VirtualHostImpl                     A CWWKT0016I: Web application available (default_host): http://129.3.136.33:9080/health/
[2/13/21 12:33:06:705 EST] 00000038 com.ibm.ws.session.WASSessionCore                            I SESN0176I: A new session context will be created for application key default_host/health
[2/13/21 12:33:06:705 EST] 00000038 com.ibm.ws.util                                              I SESN0172I: The session manager is using the Java default SecureRandom implementation for session ID generation.
[2/13/21 12:33:06:721 EST] 0000002c com.ibm.ws.kernel.feature.internal.FeatureManager            A CWWKF0012I: The server installed the following features: [mpHealth-2.2].
[2/13/21 12:33:06:722 EST] 0000002c com.ibm.ws.kernel.feature.internal.FeatureManager            A CWWKF0008I: Feature update completed in 0.527 seconds.
[2/13/21 12:33:06:725 EST] 00000038 com.ibm.ws.webcontainer.servlet                              I SRVE0242I: [com.ibm.ws.microprofile.health.2.0] [/health] [HealthCheckReadinessServlet]: Initialization successful.
[2/13/21 12:33:06:727 EST] 00000038 com.ibm.ws.webcontainer.servlet                              I SRVE0242I: [com.ibm.ws.microprofile.health.2.0] [/health] [HealthCheckServlet]: Initialization successful.
[2/13/21 12:33:06:729 EST] 00000038 com.ibm.ws.webcontainer.servlet                              I SRVE0242I: [com.ibm.ws.microprofile.health.2.0] [/health] [HealthCheckLivenessServlet]: Initialization successful.
[2/13/21 12:33:06:992 EST] 00000032 com.ibm.ws.webcontainer.osgi.webapp.WebGroup                 I SRVE0169I: Loading Web Module: Liberty Project.
[2/13/21 12:33:06:993 EST] 00000032 com.ibm.ws.webcontainer                                      I SRVE0250I: Web Module Liberty Project has been bound to default_host.
[2/13/21 12:33:06:993 EST] 00000032 com.ibm.ws.http.internal.VirtualHostImpl                     A CWWKT0016I: Web application available (default_host): http://129.3.136.33:9080/
[2/13/21 12:33:06:995 EST] 0000002e com.ibm.ws.session.WASSessionCore                            I SESN0176I: A new session context will be created for application key default_host/
[2/13/21 12:33:06:995 EST] 0000002e com.ibm.ws.util                                              I SESN0172I: The session manager is using the Java default SecureRandom implementation for session ID generation.
[2/13/21 12:33:06:999 EST] 0000002e com.ibm.ws.app.manager.AppMessageHelper                      A CWWKZ0003I: The application guide-getting-started updated in 0.385 seconds.
[2/13/21 12:33:07:254 EST] 0000002f com.ibm.ws.webcontainer.osgi.mbeans.PluginGenerator          I SRVE9103I: A configuration file for a web server plugin was automatically generated for this server at C:\Users\Rob\source\repos\guide-getting-started\start\target\liberty\wlp\usr\servers\defaultServer\logs\state\plugin-cfg.xml.
[2/13/21 12:33:11:171 EST] 00000022 .apache.cxf.cxf.core.3.2:1.0.48.cl210120210113-1459(id=177)] I Setting the server's publish address to be /system/
[2/13/21 12:33:11:177 EST] 00000022 com.ibm.ws.webcontainer.servlet                              I SRVE0242I: [guide-getting-started] [/] [io.openliberty.sample.system.SystemApplication]: Initialization successful.
[2/13/21 12:36:05:053 EST] 00000034 com.ibm.ws.http.internal.VirtualHostImpl                     A CWWKT0017I: Web application removed (default_host): http://129.3.136.33:9080/
[2/13/21 12:36:05:055 EST] 00000034 com.ibm.ws.webcontainer.servlet                              I SRVE0253I: [guide-getting-started] [/] [io.openliberty.sample.system.SystemApplication]: Destroy successful.
[2/13/21 12:36:05:069 EST] 00000034 com.ibm.ws.app.manager.AppMessageHelper                      A CWWKZ0009I: The application guide-getting-started has stopped successfully.
[2/13/21 12:36:05:078 EST] 00000034 com.ibm.ws.app.manager.AppMessageHelper                      I CWWKZ0018I: Starting application guide-getting-started.
[2/13/21 12:36:05:078 EST] 00000034 bm.ws.app.manager.war.internal.WARDeployedAppInfoFactoryImpl I CWWKZ0134I: The guide-getting-started application is using the loose application definition at the C:\Users\Rob\source\repos\guide-getting-started\start\target\liberty\wlp\usr\servers\defaultServer\apps\guide-getting-started.war.xml location.
[2/13/21 12:36:05:342 EST] 00000034 com.ibm.ws.webcontainer.osgi.webapp.WebGroup                 I SRVE0169I: Loading Web Module: Liberty Project.
[2/13/21 12:36:05:342 EST] 00000034 com.ibm.ws.webcontainer                                      I SRVE0250I: Web Module Liberty Project has been bound to default_host.
[2/13/21 12:36:05:343 EST] 00000034 com.ibm.ws.http.internal.VirtualHostImpl                     A CWWKT0016I: Web application available (default_host): http://129.3.136.33:9080/
[2/13/21 12:36:05:345 EST] 00000024 com.ibm.ws.session.WASSessionCore                            I SESN0176I: A new session context will be created for application key default_host/
[2/13/21 12:36:05:346 EST] 00000024 com.ibm.ws.util                                              I SESN0172I: The session manager is using the Java default SecureRandom implementation for session ID generation.
[2/13/21 12:36:05:351 EST] 00000024 com.ibm.ws.app.manager.AppMessageHelper                      A CWWKZ0003I: The application guide-getting-started updated in 0.273 seconds.
[2/13/21 12:37:09:938 EST] 0000002f com.ibm.ws.http.internal.VirtualHostImpl                     A CWWKT0017I: Web application removed (default_host): http://129.3.136.33:9080/
[2/13/21 12:37:09:945 EST] 0000002f com.ibm.ws.app.manager.AppMessageHelper                      A CWWKZ0009I: The application guide-getting-started has stopped successfully.
[2/13/21 12:37:09:956 EST] 0000002f com.ibm.ws.app.manager.AppMessageHelper                      I CWWKZ0018I: Starting application guide-getting-started.
[2/13/21 12:37:09:956 EST] 0000002f bm.ws.app.manager.war.internal.WARDeployedAppInfoFactoryImpl I CWWKZ0134I: The guide-getting-started application is using the loose application definition at the C:\Users\Rob\source\repos\guide-getting-started\start\target\liberty\wlp\usr\servers\defaultServer\apps\guide-getting-started.war.xml location.
[2/13/21 12:37:10:186 EST] 0000002f com.ibm.ws.webcontainer.osgi.webapp.WebGroup                 I SRVE0169I: Loading Web Module: Liberty Project.
[2/13/21 12:37:10:186 EST] 0000002f com.ibm.ws.webcontainer                                      I SRVE0250I: Web Module Liberty Project has been bound to default_host.
[2/13/21 12:37:10:186 EST] 0000002f com.ibm.ws.http.internal.VirtualHostImpl                     A CWWKT0016I: Web application available (default_host): http://129.3.136.33:9080/
[2/13/21 12:37:10:188 EST] 00000023 com.ibm.ws.session.WASSessionCore                            I SESN0176I: A new session context will be created for application key default_host/
[2/13/21 12:37:10:188 EST] 00000023 com.ibm.ws.util                                              I SESN0172I: The session manager is using the Java default SecureRandom implementation for session ID generation.
[2/13/21 12:37:10:193 EST] 00000023 com.ibm.ws.app.manager.AppMessageHelper                      A CWWKZ0003I: The application guide-getting-started updated in 0.237 seconds.
[2/13/21 12:38:08:553 EST] 0000002c .apache.cxf.cxf.core.3.2:1.0.48.cl210120210113-1459(id=177)] I Setting the server's publish address to be /system/
[2/13/21 12:38:08:558 EST] 0000002c com.ibm.ws.webcontainer.servlet                              I SRVE0242I: [guide-getting-started] [/] [io.openliberty.sample.system.SystemApplication]: Initialization successful.
[2/13/21 12:40:30:813 EST] 0000002c com.ibm.ws.http.internal.VirtualHostImpl                     A CWWKT0017I: Web application removed (default_host): http://129.3.136.33:9080/
[2/13/21 12:40:30:814 EST] 0000002c com.ibm.ws.webcontainer.servlet                              I SRVE0253I: [guide-getting-started] [/] [io.openliberty.sample.system.SystemApplication]: Destroy successful.
[2/13/21 12:40:30:826 EST] 0000002c com.ibm.ws.app.manager.AppMessageHelper                      A CWWKZ0009I: The application guide-getting-started has stopped successfully.
[2/13/21 12:40:30:836 EST] 0000002c com.ibm.ws.app.manager.AppMessageHelper                      I CWWKZ0018I: Starting application guide-getting-started.
[2/13/21 12:40:30:836 EST] 0000002c bm.ws.app.manager.war.internal.WARDeployedAppInfoFactoryImpl I CWWKZ0134I: The guide-getting-started application is using the loose application definition at the C:\Users\Rob\source\repos\guide-getting-started\start\target\liberty\wlp\usr\servers\defaultServer\apps\guide-getting-started.war.xml location.
[2/13/21 12:40:31:122 EST] 0000002c com.ibm.ws.webcontainer.osgi.webapp.WebGroup                 I SRVE0169I: Loading Web Module: Liberty Project.
[2/13/21 12:40:31:123 EST] 0000002c com.ibm.ws.webcontainer                                      I SRVE0250I: Web Module Liberty Project has been bound to default_host.
[2/13/21 12:40:31:123 EST] 0000002c com.ibm.ws.http.internal.VirtualHostImpl                     A CWWKT0016I: Web application available (default_host): http://129.3.136.33:9080/
[2/13/21 12:40:31:125 EST] 00000039 com.ibm.ws.session.WASSessionCore                            I SESN0176I: A new session context will be created for application key default_host/
[2/13/21 12:40:31:125 EST] 00000039 com.ibm.ws.util                                              I SESN0172I: The session manager is using the Java default SecureRandom implementation for session ID generation.
[2/13/21 12:40:31:129 EST] 00000039 com.ibm.ws.app.manager.AppMessageHelper                      A CWWKZ0003I: The application guide-getting-started updated in 0.293 seconds.
[2/13/21 12:40:37:599 EST] 0000002e .apache.cxf.cxf.core.3.2:1.0.48.cl210120210113-1459(id=177)] I Setting the server's publish address to be /system/
[2/13/21 12:40:37:604 EST] 0000002e com.ibm.ws.webcontainer.servlet                              I SRVE0242I: [guide-getting-started] [/] [io.openliberty.sample.system.SystemApplication]: Initialization successful.
[2/13/21 12:40:57:120 EST] 0000002f com.ibm.ws.http.internal.VirtualHostImpl                     A CWWKT0017I: Web application removed (default_host): http://129.3.136.33:9080/
[2/13/21 12:40:57:122 EST] 0000002f com.ibm.ws.webcontainer.servlet                              I SRVE0253I: [guide-getting-started] [/] [io.openliberty.sample.system.SystemApplication]: Destroy successful.
[2/13/21 12:40:57:135 EST] 0000002f com.ibm.ws.app.manager.AppMessageHelper                      A CWWKZ0009I: The application guide-getting-started has stopped successfully.
[2/13/21 12:40:57:148 EST] 0000002f com.ibm.ws.app.manager.AppMessageHelper                      I CWWKZ0018I: Starting application guide-getting-started.
[2/13/21 12:40:57:148 EST] 0000002f bm.ws.app.manager.war.internal.WARDeployedAppInfoFactoryImpl I CWWKZ0134I: The guide-getting-started application is using the loose application definition at the C:\Users\Rob\source\repos\guide-getting-started\start\target\liberty\wlp\usr\servers\defaultServer\apps\guide-getting-started.war.xml location.
[2/13/21 12:40:57:354 EST] 0000002f com.ibm.ws.webcontainer.osgi.webapp.WebGroup                 I SRVE0169I: Loading Web Module: Liberty Project.
[2/13/21 12:40:57:355 EST] 0000002f com.ibm.ws.webcontainer                                      I SRVE0250I: Web Module Liberty Project has been bound to default_host.
[2/13/21 12:40:57:355 EST] 0000002f com.ibm.ws.http.internal.VirtualHostImpl                     A CWWKT0016I: Web application available (default_host): http://129.3.136.33:9080/
[2/13/21 12:40:57:357 EST] 00000039 com.ibm.ws.session.WASSessionCore                            I SESN0176I: A new session context will be created for application key default_host/
[2/13/21 12:40:57:357 EST] 00000039 com.ibm.ws.util                                              I SESN0172I: The session manager is using the Java default SecureRandom implementation for session ID generation.
[2/13/21 12:40:57:360 EST] 00000039 com.ibm.ws.app.manager.AppMessageHelper                      A CWWKZ0003I: The application guide-getting-started updated in 0.212 seconds.
[2/13/21 14:18:52:413 EST] 0000009d .apache.cxf.cxf.core.3.2:1.0.48.cl210120210113-1459(id=177)] I Setting the server's publish address to be /system/
[2/13/21 14:18:52:423 EST] 0000009d com.ibm.ws.webcontainer.servlet                              I SRVE0242I: [guide-getting-started] [/] [io.openliberty.sample.system.SystemApplication]: Initialization successful.
