********************************************************************************
product = Open Liberty 21.0.0.1 (wlp-1.0.48.cl210120210113-1459)
wlp.install.dir = C:/DEV/school/csc/480/TravelingGrocery/target/liberty/wlp/
java.home = C:\Program Files\Java\jdk1.8.0_111\jre
java.version = 1.8.0_111
java.runtime = Java(TM) SE Runtime Environment (1.8.0_111-b14)
os = Windows 10 (10.0; amd64) (en_US)
process = 17188@LAPTOPOFDOOM
********************************************************************************
[2/13/21 16:34:29:492 EST] 00000001 com.ibm.ws.kernel.launch.internal.FrameworkManager           A CWWKE0001I: The server defaultServer has been launched.
[2/13/21 16:34:30:720 EST] 00000014 com.ibm.ws.config.xml.internal.ServerXMLConfiguration        A CWWKG0093A: Processing configuration drop-ins resource: C:\DEV\school\csc\480\TravelingGrocery\target\liberty\wlp\usr\servers\defaultServer\configDropins\overrides\liberty-plugin-variable-config.xml
[2/13/21 16:34:31:029 EST] 00000001 com.ibm.ws.kernel.launch.internal.FrameworkManager           I CWWKE0002I: The kernel started after 1.987 seconds
[2/13/21 16:34:31:141 EST] 0000001f com.ibm.ws.kernel.feature.internal.FeatureManager            I CWWKF0007I: Feature update started.
[2/13/21 16:34:33:822 EST] 00000014 .apache.cxf.cxf.core.3.2:1.0.48.cl210120210113-1459(id=120)] I Aries Blueprint packages not available. So namespaces will not be registered
[2/13/21 16:34:35:150 EST] 00000017 com.ibm.ws.app.manager.internal.monitor.DropinMonitor        A CWWKZ0058I: Monitoring dropins for applications.
[2/13/21 16:34:37:260 EST] 00000026 com.ibm.ws.app.manager.AppMessageHelper                      I CWWKZ0018I: Starting application helloworld.
[2/13/21 16:34:37:275 EST] 00000026 bm.ws.app.manager.war.internal.WARDeployedAppInfoFactoryImpl I CWWKZ0134I: The helloworld application is using the loose application definition at the C:\DEV\school\csc\480\TravelingGrocery\target\liberty\wlp\usr\servers\defaultServer\apps\helloworld.war.xml location.
[2/13/21 16:34:38:076 EST] 00000026 com.ibm.ws.session.WASSessionCore                            I SESN8501I: The session manager did not find a persistent storage location; HttpSession objects will be stored in the local application server's memory.
[2/13/21 16:34:38:151 EST] 00000026 org.jboss.weld.Version                                       I WELD-000900: 3.1.4 (Final)
[2/13/21 16:34:38:811 EST] 00000026 com.ibm.ws.webcontainer.osgi.webapp.WebGroup                 I SRVE0169I: Loading Web Module: Hello world.
[2/13/21 16:34:38:811 EST] 00000026 com.ibm.ws.webcontainer                                      I SRVE0250I: Web Module Hello world has been bound to default_host.
[2/13/21 16:34:38:811 EST] 00000026 com.ibm.ws.http.internal.VirtualHostImpl                     A CWWKT0016I: Web application available (default_host): http://laptopofdoom:9080/
[2/13/21 16:34:39:718 EST] 00000025 com.ibm.ws.session.WASSessionCore                            I SESN0176I: A new session context will be created for application key default_host/
[2/13/21 16:34:39:746 EST] 00000025 com.ibm.ws.util                                              I SESN0172I: The session manager is using the Java default SecureRandom implementation for session ID generation.
[2/13/21 16:34:39:816 EST] 00000025 com.ibm.ws.app.manager.AppMessageHelper                      A CWWKZ0001I: Application helloworld started in 2.556 seconds.
[2/13/21 16:34:39:834 EST] 0000001f com.ibm.ws.tcpchannel.internal.TCPPort                       I CWWKO0219I: TCP Channel defaultHttpEndpoint has been started and is now listening for requests on host *  (IPv6) port 9080.
[2/13/21 16:34:39:863 EST] 0000001f com.ibm.ws.kernel.feature.internal.FeatureManager            A CWWKF0012I: The server installed the following features: [cdi-2.0, jaxrs-2.1, jaxrsClient-2.1, jndi-1.0, jsonp-1.1, servlet-4.0].
[2/13/21 16:34:39:892 EST] 0000001f com.ibm.ws.kernel.feature.internal.FeatureManager            I CWWKF0008I: Feature update completed in 8.864 seconds.
[2/13/21 16:34:39:894 EST] 0000001f com.ibm.ws.kernel.feature.internal.FeatureManager            A CWWKF0011I: The defaultServer server is ready to run a smarter planet. The defaultServer server started in 10.854 seconds.
[2/13/21 16:34:40:553 EST] 00000026 com.ibm.ws.webcontainer.osgi.mbeans.PluginGenerator          I SRVE9103I: A configuration file for a web server plugin was automatically generated for this server at C:\DEV\school\csc\480\TravelingGrocery\target\liberty\wlp\usr\servers\defaultServer\logs\state\plugin-cfg.xml.
[2/13/21 16:34:49:445 EST] 00000026 com.ibm.ws.webcontainer.extension                            W SRVE0190E: File not found: /favicon.ico
[2/13/21 16:36:34:722 EST] 00000010 com.ibm.ws.kernel.launch.internal.ServerCommandListener      A CWWKE0055I: Server shutdown requested on Saturday, February 13, 2021 at 4:36 PM. The server defaultServer is shutting down.
[2/13/21 16:36:34:731 EST] 0000003b com.ibm.ws.runtime.update.internal.RuntimeUpdateManagerImpl  A CWWKE1100I: Waiting for up to 30 seconds for the server to quiesce.
[2/13/21 16:36:34:738 EST] 00000038 com.ibm.ws.tcpchannel.internal.TCPChannel                    I CWWKO0220I: TCP Channel defaultHttpEndpoint has stopped listening for requests on host *  (IPv6) port 9080.
[2/13/21 16:36:34:740 EST] 00000038 com.ibm.ws.http.internal.VirtualHostImpl                     A CWWKT0017I: Web application removed (default_host): http://laptopofdoom:9080/
[2/13/21 16:36:35:756 EST] 0000003b com.ibm.ws.runtime.update.internal.RuntimeUpdateManagerImpl  I CWWKE1101I: Server quiesce complete.
[2/13/21 16:36:35:824 EST] 00000020 com.ibm.ws.app.manager.AppMessageHelper                      A CWWKZ0009I: The application helloworld has stopped successfully.
[2/13/21 16:36:36:534 EST] 00000001 com.ibm.ws.kernel.launch.internal.FrameworkManager           A CWWKE0036I: The server defaultServer stopped after 2 minutes, 7.492 seconds.
